2018-04-18 09:40:10 Notice: Deprecated (16384): FormHelper::input() is deprecated. Use FormHelper::control() instead. - G:\github\ibimages\src\Template\Auth\login.ctp, line: 7 in [G:\github\ibimages\vendor\cakephp\cakephp\src\Core\functions.php, line 305]
Request URL: /
Trace:
Cake\Error\BaseErrorHandler::handleError() - CORE\src\Error\BaseErrorHandler.php, line 153
deprecationWarning - CORE\src\Core\functions.php, line 305
Cake\View\Helper\FormHelper::input() - CORE\src\View\Helper\FormHelper.php, line 1246
include - APP/Template\Auth\login.ctp, line 7
Cake\View\View::_evaluate() - CORE\src\View\View.php, line 1239
Cake\View\View::_render() - CORE\src\View\View.php, line 1200
Cake\View\View::render() - CORE\src\View\View.php, line 802
Cake\Controller\Controller::render() - CORE\src\Controller\Controller.php, line 777
Cake\Http\ActionDispatcher::_invoke() - CORE\src\Http\ActionDispatcher.php, line 125
Cake\Http\ActionDispatcher::dispatch() - CORE\src\Http\ActionDispatcher.php, line 93
Cake\Http\BaseApplication::__invoke() - CORE\src\Http\BaseApplication.php, line 228
Cake\Http\Runner::__invoke() - CORE\src\Http\Runner.php, line 65
Cake\Routing\Middleware\RoutingMiddleware::__invoke() - CORE\src\Routing\Middleware\RoutingMiddleware.php, line 158
Cake\Http\Runner::__invoke() - CORE\src\Http\Runner.php, line 65
Cake\Routing\Middleware\AssetMiddleware::__invoke() - CORE\src\Routing\Middleware\AssetMiddleware.php, line 88
Cake\Http\Runner::__invoke() - CORE\src\Http\Runner.php, line 65
Cake\Error\Middleware\ErrorHandlerMiddleware::__invoke() - CORE\src\Error\Middleware\ErrorHandlerMiddleware.php, line 98
Cake\Http\Runner::__invoke() - CORE\src\Http\Runner.php, line 65
DebugKit\Middleware\DebugKitMiddleware::__invoke() - ROOT\vendor\cakephp\debug_kit\src\Middleware\DebugKitMiddleware.php, line 52
Cake\Http\Runner::__invoke() - CORE\src\Http\Runner.php, line 65
Cake\Http\Runner::run() - CORE\src\Http\Runner.php, line 51
Cake\Http\Server::run() - CORE\src\Http\Server.php, line 98
[main] - ROOT\webroot\index.php, line 40



2018-04-18 09:40:10 Notice: Deprecated (16384): FormHelper::input() is deprecated. Use FormHelper::control() instead. - G:\github\ibimages\src\Template\Auth\login.ctp, line: 11 in [G:\github\ibimages\vendor\cakephp\cakephp\src\Core\functions.php, line 305]
Request URL: /
Trace:
Cake\Error\BaseErrorHandler::handleError() - CORE\src\Error\BaseErrorHandler.php, line 153
deprecationWarning - CORE\src\Core\functions.php, line 305
Cake\View\Helper\FormHelper::input() - CORE\src\View\Helper\FormHelper.php, line 1246
include - APP/Template\Auth\login.ctp, line 11
Cake\View\View::_evaluate() - CORE\src\View\View.php, line 1239
Cake\View\View::_render() - CORE\src\View\View.php, line 1200
Cake\View\View::render() - CORE\src\View\View.php, line 802
Cake\Controller\Controller::render() - CORE\src\Controller\Controller.php, line 777
Cake\Http\ActionDispatcher::_invoke() - CORE\src\Http\ActionDispatcher.php, line 125
Cake\Http\ActionDispatcher::dispatch() - CORE\src\Http\ActionDispatcher.php, line 93
Cake\Http\BaseApplication::__invoke() - CORE\src\Http\BaseApplication.php, line 228
Cake\Http\Runner::__invoke() - CORE\src\Http\Runner.php, line 65
Cake\Routing\Middleware\RoutingMiddleware::__invoke() - CORE\src\Routing\Middleware\RoutingMiddleware.php, line 158
Cake\Http\Runner::__invoke() - CORE\src\Http\Runner.php, line 65
Cake\Routing\Middleware\AssetMiddleware::__invoke() - CORE\src\Routing\Middleware\AssetMiddleware.php, line 88
Cake\Http\Runner::__invoke() - CORE\src\Http\Runner.php, line 65
Cake\Error\Middleware\ErrorHandlerMiddleware::__invoke() - CORE\src\Error\Middleware\ErrorHandlerMiddleware.php, line 98
Cake\Http\Runner::__invoke() - CORE\src\Http\Runner.php, line 65
DebugKit\Middleware\DebugKitMiddleware::__invoke() - ROOT\vendor\cakephp\debug_kit\src\Middleware\DebugKitMiddleware.php, line 52
Cake\Http\Runner::__invoke() - CORE\src\Http\Runner.php, line 65
Cake\Http\Runner::run() - CORE\src\Http\Runner.php, line 51
Cake\Http\Server::run() - CORE\src\Http\Server.php, line 98
[main] - ROOT\webroot\index.php, line 40



2018-04-18 09:52:16 Notice: Deprecated (16384): FormHelper::input() is deprecated. Use FormHelper::control() instead. - G:\github\ibimages\src\Template\Auth\login.ctp, line: 7 in [G:\github\ibimages\vendor\cakephp\cakephp\src\Core\functions.php, line 305]
Request URL: /
Trace:
Cake\Error\BaseErrorHandler::handleError() - CORE\src\Error\BaseErrorHandler.php, line 153
deprecationWarning - CORE\src\Core\functions.php, line 305
Cake\View\Helper\FormHelper::input() - CORE\src\View\Helper\FormHelper.php, line 1246
include - APP/Template\Auth\login.ctp, line 7
Cake\View\View::_evaluate() - CORE\src\View\View.php, line 1239
Cake\View\View::_render() - CORE\src\View\View.php, line 1200
Cake\View\View::render() - CORE\src\View\View.php, line 802
Cake\Controller\Controller::render() - CORE\src\Controller\Controller.php, line 777
Cake\Http\ActionDispatcher::_invoke() - CORE\src\Http\ActionDispatcher.php, line 125
Cake\Http\ActionDispatcher::dispatch() - CORE\src\Http\ActionDispatcher.php, line 93
Cake\Http\BaseApplication::__invoke() - CORE\src\Http\BaseApplication.php, line 228
Cake\Http\Runner::__invoke() - CORE\src\Http\Runner.php, line 65
Cake\Routing\Middleware\RoutingMiddleware::__invoke() - CORE\src\Routing\Middleware\RoutingMiddleware.php, line 158
Cake\Http\Runner::__invoke() - CORE\src\Http\Runner.php, line 65
Cake\Routing\Middleware\AssetMiddleware::__invoke() - CORE\src\Routing\Middleware\AssetMiddleware.php, line 88
Cake\Http\Runner::__invoke() - CORE\src\Http\Runner.php, line 65
Cake\Error\Middleware\ErrorHandlerMiddleware::__invoke() - CORE\src\Error\Middleware\ErrorHandlerMiddleware.php, line 98
Cake\Http\Runner::__invoke() - CORE\src\Http\Runner.php, line 65
DebugKit\Middleware\DebugKitMiddleware::__invoke() - ROOT\vendor\cakephp\debug_kit\src\Middleware\DebugKitMiddleware.php, line 52
Cake\Http\Runner::__invoke() - CORE\src\Http\Runner.php, line 65
Cake\Http\Runner::run() - CORE\src\Http\Runner.php, line 51
Cake\Http\Server::run() - CORE\src\Http\Server.php, line 98
[main] - ROOT\webroot\index.php, line 40



2018-04-18 09:52:16 Notice: Deprecated (16384): FormHelper::input() is deprecated. Use FormHelper::control() instead. - G:\github\ibimages\src\Template\Auth\login.ctp, line: 11 in [G:\github\ibimages\vendor\cakephp\cakephp\src\Core\functions.php, line 305]
Request URL: /
Trace:
Cake\Error\BaseErrorHandler::handleError() - CORE\src\Error\BaseErrorHandler.php, line 153
deprecationWarning - CORE\src\Core\functions.php, line 305
Cake\View\Helper\FormHelper::input() - CORE\src\View\Helper\FormHelper.php, line 1246
include - APP/Template\Auth\login.ctp, line 11
Cake\View\View::_evaluate() - CORE\src\View\View.php, line 1239
Cake\View\View::_render() - CORE\src\View\View.php, line 1200
Cake\View\View::render() - CORE\src\View\View.php, line 802
Cake\Controller\Controller::render() - CORE\src\Controller\Controller.php, line 777
Cake\Http\ActionDispatcher::_invoke() - CORE\src\Http\ActionDispatcher.php, line 125
Cake\Http\ActionDispatcher::dispatch() - CORE\src\Http\ActionDispatcher.php, line 93
Cake\Http\BaseApplication::__invoke() - CORE\src\Http\BaseApplication.php, line 228
Cake\Http\Runner::__invoke() - CORE\src\Http\Runner.php, line 65
Cake\Routing\Middleware\RoutingMiddleware::__invoke() - CORE\src\Routing\Middleware\RoutingMiddleware.php, line 158
Cake\Http\Runner::__invoke() - CORE\src\Http\Runner.php, line 65
Cake\Routing\Middleware\AssetMiddleware::__invoke() - CORE\src\Routing\Middleware\AssetMiddleware.php, line 88
Cake\Http\Runner::__invoke() - CORE\src\Http\Runner.php, line 65
Cake\Error\Middleware\ErrorHandlerMiddleware::__invoke() - CORE\src\Error\Middleware\ErrorHandlerMiddleware.php, line 98
Cake\Http\Runner::__invoke() - CORE\src\Http\Runner.php, line 65
DebugKit\Middleware\DebugKitMiddleware::__invoke() - ROOT\vendor\cakephp\debug_kit\src\Middleware\DebugKitMiddleware.php, line 52
Cake\Http\Runner::__invoke() - CORE\src\Http\Runner.php, line 65
Cake\Http\Runner::run() - CORE\src\Http\Runner.php, line 51
Cake\Http\Server::run() - CORE\src\Http\Server.php, line 98
[main] - ROOT\webroot\index.php, line 40



2018-04-18 09:57:04 Notice: Deprecated (16384): FormHelper::input() is deprecated. Use FormHelper::control() instead. - G:\github\ibimages\src\Template\Auth\login.ctp, line: 7 in [G:\github\ibimages\vendor\cakephp\cakephp\src\Core\functions.php, line 305]
Request URL: /
Trace:
Cake\Error\BaseErrorHandler::handleError() - CORE\src\Error\BaseErrorHandler.php, line 153
deprecationWarning - CORE\src\Core\functions.php, line 305
Cake\View\Helper\FormHelper::input() - CORE\src\View\Helper\FormHelper.php, line 1246
include - APP/Template\Auth\login.ctp, line 7
Cake\View\View::_evaluate() - CORE\src\View\View.php, line 1239
Cake\View\View::_render() - CORE\src\View\View.php, line 1200
Cake\View\View::render() - CORE\src\View\View.php, line 802
Cake\Controller\Controller::render() - CORE\src\Controller\Controller.php, line 777
Cake\Http\ActionDispatcher::_invoke() - CORE\src\Http\ActionDispatcher.php, line 125
Cake\Http\ActionDispatcher::dispatch() - CORE\src\Http\ActionDispatcher.php, line 93
Cake\Http\BaseApplication::__invoke() - CORE\src\Http\BaseApplication.php, line 228
Cake\Http\Runner::__invoke() - CORE\src\Http\Runner.php, line 65
Cake\Routing\Middleware\RoutingMiddleware::__invoke() - CORE\src\Routing\Middleware\RoutingMiddleware.php, line 158
Cake\Http\Runner::__invoke() - CORE\src\Http\Runner.php, line 65
Cake\Routing\Middleware\AssetMiddleware::__invoke() - CORE\src\Routing\Middleware\AssetMiddleware.php, line 88
Cake\Http\Runner::__invoke() - CORE\src\Http\Runner.php, line 65
Cake\Error\Middleware\ErrorHandlerMiddleware::__invoke() - CORE\src\Error\Middleware\ErrorHandlerMiddleware.php, line 98
Cake\Http\Runner::__invoke() - CORE\src\Http\Runner.php, line 65
DebugKit\Middleware\DebugKitMiddleware::__invoke() - ROOT\vendor\cakephp\debug_kit\src\Middleware\DebugKitMiddleware.php, line 52
Cake\Http\Runner::__invoke() - CORE\src\Http\Runner.php, line 65
Cake\Http\Runner::run() - CORE\src\Http\Runner.php, line 51
Cake\Http\Server::run() - CORE\src\Http\Server.php, line 98
[main] - ROOT\webroot\index.php, line 40



2018-04-18 09:57:04 Notice: Deprecated (16384): FormHelper::input() is deprecated. Use FormHelper::control() instead. - G:\github\ibimages\src\Template\Auth\login.ctp, line: 11 in [G:\github\ibimages\vendor\cakephp\cakephp\src\Core\functions.php, line 305]
Request URL: /
Trace:
Cake\Error\BaseErrorHandler::handleError() - CORE\src\Error\BaseErrorHandler.php, line 153
deprecationWarning - CORE\src\Core\functions.php, line 305
Cake\View\Helper\FormHelper::input() - CORE\src\View\Helper\FormHelper.php, line 1246
include - APP/Template\Auth\login.ctp, line 11
Cake\View\View::_evaluate() - CORE\src\View\View.php, line 1239
Cake\View\View::_render() - CORE\src\View\View.php, line 1200
Cake\View\View::render() - CORE\src\View\View.php, line 802
Cake\Controller\Controller::render() - CORE\src\Controller\Controller.php, line 777
Cake\Http\ActionDispatcher::_invoke() - CORE\src\Http\ActionDispatcher.php, line 125
Cake\Http\ActionDispatcher::dispatch() - CORE\src\Http\ActionDispatcher.php, line 93
Cake\Http\BaseApplication::__invoke() - CORE\src\Http\BaseApplication.php, line 228
Cake\Http\Runner::__invoke() - CORE\src\Http\Runner.php, line 65
Cake\Routing\Middleware\RoutingMiddleware::__invoke() - CORE\src\Routing\Middleware\RoutingMiddleware.php, line 158
Cake\Http\Runner::__invoke() - CORE\src\Http\Runner.php, line 65
Cake\Routing\Middleware\AssetMiddleware::__invoke() - CORE\src\Routing\Middleware\AssetMiddleware.php, line 88
Cake\Http\Runner::__invoke() - CORE\src\Http\Runner.php, line 65
Cake\Error\Middleware\ErrorHandlerMiddleware::__invoke() - CORE\src\Error\Middleware\ErrorHandlerMiddleware.php, line 98
Cake\Http\Runner::__invoke() - CORE\src\Http\Runner.php, line 65
DebugKit\Middleware\DebugKitMiddleware::__invoke() - ROOT\vendor\cakephp\debug_kit\src\Middleware\DebugKitMiddleware.php, line 52
Cake\Http\Runner::__invoke() - CORE\src\Http\Runner.php, line 65
Cake\Http\Runner::run() - CORE\src\Http\Runner.php, line 51
Cake\Http\Server::run() - CORE\src\Http\Server.php, line 98
[main] - ROOT\webroot\index.php, line 40



2018-04-18 09:57:18 Notice: Deprecated (16384): FormHelper::input() is deprecated. Use FormHelper::control() instead. - G:\github\ibimages\src\Template\Auth\login.ctp, line: 7 in [G:\github\ibimages\vendor\cakephp\cakephp\src\Core\functions.php, line 305]
Request URL: /
Trace:
Cake\Error\BaseErrorHandler::handleError() - CORE\src\Error\BaseErrorHandler.php, line 153
deprecationWarning - CORE\src\Core\functions.php, line 305
Cake\View\Helper\FormHelper::input() - CORE\src\View\Helper\FormHelper.php, line 1246
include - APP/Template\Auth\login.ctp, line 7
Cake\View\View::_evaluate() - CORE\src\View\View.php, line 1239
Cake\View\View::_render() - CORE\src\View\View.php, line 1200
Cake\View\View::render() - CORE\src\View\View.php, line 802
Cake\Controller\Controller::render() - CORE\src\Controller\Controller.php, line 777
Cake\Http\ActionDispatcher::_invoke() - CORE\src\Http\ActionDispatcher.php, line 125
Cake\Http\ActionDispatcher::dispatch() - CORE\src\Http\ActionDispatcher.php, line 93
Cake\Http\BaseApplication::__invoke() - CORE\src\Http\BaseApplication.php, line 228
Cake\Http\Runner::__invoke() - CORE\src\Http\Runner.php, line 65
Cake\Routing\Middleware\RoutingMiddleware::__invoke() - CORE\src\Routing\Middleware\RoutingMiddleware.php, line 158
Cake\Http\Runner::__invoke() - CORE\src\Http\Runner.php, line 65
Cake\Routing\Middleware\AssetMiddleware::__invoke() - CORE\src\Routing\Middleware\AssetMiddleware.php, line 88
Cake\Http\Runner::__invoke() - CORE\src\Http\Runner.php, line 65
Cake\Error\Middleware\ErrorHandlerMiddleware::__invoke() - CORE\src\Error\Middleware\ErrorHandlerMiddleware.php, line 98
Cake\Http\Runner::__invoke() - CORE\src\Http\Runner.php, line 65
DebugKit\Middleware\DebugKitMiddleware::__invoke() - ROOT\vendor\cakephp\debug_kit\src\Middleware\DebugKitMiddleware.php, line 52
Cake\Http\Runner::__invoke() - CORE\src\Http\Runner.php, line 65
Cake\Http\Runner::run() - CORE\src\Http\Runner.php, line 51
Cake\Http\Server::run() - CORE\src\Http\Server.php, line 98
[main] - ROOT\webroot\index.php, line 40



2018-04-18 09:57:18 Notice: Deprecated (16384): FormHelper::input() is deprecated. Use FormHelper::control() instead. - G:\github\ibimages\src\Template\Auth\login.ctp, line: 11 in [G:\github\ibimages\vendor\cakephp\cakephp\src\Core\functions.php, line 305]
Request URL: /
Trace:
Cake\Error\BaseErrorHandler::handleError() - CORE\src\Error\BaseErrorHandler.php, line 153
deprecationWarning - CORE\src\Core\functions.php, line 305
Cake\View\Helper\FormHelper::input() - CORE\src\View\Helper\FormHelper.php, line 1246
include - APP/Template\Auth\login.ctp, line 11
Cake\View\View::_evaluate() - CORE\src\View\View.php, line 1239
Cake\View\View::_render() - CORE\src\View\View.php, line 1200
Cake\View\View::render() - CORE\src\View\View.php, line 802
Cake\Controller\Controller::render() - CORE\src\Controller\Controller.php, line 777
Cake\Http\ActionDispatcher::_invoke() - CORE\src\Http\ActionDispatcher.php, line 125
Cake\Http\ActionDispatcher::dispatch() - CORE\src\Http\ActionDispatcher.php, line 93
Cake\Http\BaseApplication::__invoke() - CORE\src\Http\BaseApplication.php, line 228
Cake\Http\Runner::__invoke() - CORE\src\Http\Runner.php, line 65
Cake\Routing\Middleware\RoutingMiddleware::__invoke() - CORE\src\Routing\Middleware\RoutingMiddleware.php, line 158
Cake\Http\Runner::__invoke() - CORE\src\Http\Runner.php, line 65
Cake\Routing\Middleware\AssetMiddleware::__invoke() - CORE\src\Routing\Middleware\AssetMiddleware.php, line 88
Cake\Http\Runner::__invoke() - CORE\src\Http\Runner.php, line 65
Cake\Error\Middleware\ErrorHandlerMiddleware::__invoke() - CORE\src\Error\Middleware\ErrorHandlerMiddleware.php, line 98
Cake\Http\Runner::__invoke() - CORE\src\Http\Runner.php, line 65
DebugKit\Middleware\DebugKitMiddleware::__invoke() - ROOT\vendor\cakephp\debug_kit\src\Middleware\DebugKitMiddleware.php, line 52
Cake\Http\Runner::__invoke() - CORE\src\Http\Runner.php, line 65
Cake\Http\Runner::run() - CORE\src\Http\Runner.php, line 51
Cake\Http\Server::run() - CORE\src\Http\Server.php, line 98
[main] - ROOT\webroot\index.php, line 40



2018-04-18 10:00:22 Notice: Deprecated (16384): FormHelper::input() is deprecated. Use FormHelper::control() instead. - G:\github\ibimages\src\Template\Auth\login.ctp, line: 7 in [G:\github\ibimages\vendor\cakephp\cakephp\src\Core\functions.php, line 305]
Request URL: /
Trace:
Cake\Error\BaseErrorHandler::handleError() - CORE\src\Error\BaseErrorHandler.php, line 153
deprecationWarning - CORE\src\Core\functions.php, line 305
Cake\View\Helper\FormHelper::input() - CORE\src\View\Helper\FormHelper.php, line 1246
include - APP/Template\Auth\login.ctp, line 7
Cake\View\View::_evaluate() - CORE\src\View\View.php, line 1239
Cake\View\View::_render() - CORE\src\View\View.php, line 1200
Cake\View\View::render() - CORE\src\View\View.php, line 802
Cake\Controller\Controller::render() - CORE\src\Controller\Controller.php, line 777
Cake\Http\ActionDispatcher::_invoke() - CORE\src\Http\ActionDispatcher.php, line 125
Cake\Http\ActionDispatcher::dispatch() - CORE\src\Http\ActionDispatcher.php, line 93
Cake\Http\BaseApplication::__invoke() - CORE\src\Http\BaseApplication.php, line 228
Cake\Http\Runner::__invoke() - CORE\src\Http\Runner.php, line 65
Cake\Routing\Middleware\RoutingMiddleware::__invoke() - CORE\src\Routing\Middleware\RoutingMiddleware.php, line 158
Cake\Http\Runner::__invoke() - CORE\src\Http\Runner.php, line 65
Cake\Routing\Middleware\AssetMiddleware::__invoke() - CORE\src\Routing\Middleware\AssetMiddleware.php, line 88
Cake\Http\Runner::__invoke() - CORE\src\Http\Runner.php, line 65
Cake\Error\Middleware\ErrorHandlerMiddleware::__invoke() - CORE\src\Error\Middleware\ErrorHandlerMiddleware.php, line 98
Cake\Http\Runner::__invoke() - CORE\src\Http\Runner.php, line 65
DebugKit\Middleware\DebugKitMiddleware::__invoke() - ROOT\vendor\cakephp\debug_kit\src\Middleware\DebugKitMiddleware.php, line 52
Cake\Http\Runner::__invoke() - CORE\src\Http\Runner.php, line 65
Cake\Http\Runner::run() - CORE\src\Http\Runner.php, line 51
Cake\Http\Server::run() - CORE\src\Http\Server.php, line 98
[main] - ROOT\webroot\index.php, line 40



2018-04-18 10:00:22 Notice: Deprecated (16384): FormHelper::input() is deprecated. Use FormHelper::control() instead. - G:\github\ibimages\src\Template\Auth\login.ctp, line: 11 in [G:\github\ibimages\vendor\cakephp\cakephp\src\Core\functions.php, line 305]
Request URL: /
Trace:
Cake\Error\BaseErrorHandler::handleError() - CORE\src\Error\BaseErrorHandler.php, line 153
deprecationWarning - CORE\src\Core\functions.php, line 305
Cake\View\Helper\FormHelper::input() - CORE\src\View\Helper\FormHelper.php, line 1246
include - APP/Template\Auth\login.ctp, line 11
Cake\View\View::_evaluate() - CORE\src\View\View.php, line 1239
Cake\View\View::_render() - CORE\src\View\View.php, line 1200
Cake\View\View::render() - CORE\src\View\View.php, line 802
Cake\Controller\Controller::render() - CORE\src\Controller\Controller.php, line 777
Cake\Http\ActionDispatcher::_invoke() - CORE\src\Http\ActionDispatcher.php, line 125
Cake\Http\ActionDispatcher::dispatch() - CORE\src\Http\ActionDispatcher.php, line 93
Cake\Http\BaseApplication::__invoke() - CORE\src\Http\BaseApplication.php, line 228
Cake\Http\Runner::__invoke() - CORE\src\Http\Runner.php, line 65
Cake\Routing\Middleware\RoutingMiddleware::__invoke() - CORE\src\Routing\Middleware\RoutingMiddleware.php, line 158
Cake\Http\Runner::__invoke() - CORE\src\Http\Runner.php, line 65
Cake\Routing\Middleware\AssetMiddleware::__invoke() - CORE\src\Routing\Middleware\AssetMiddleware.php, line 88
Cake\Http\Runner::__invoke() - CORE\src\Http\Runner.php, line 65
Cake\Error\Middleware\ErrorHandlerMiddleware::__invoke() - CORE\src\Error\Middleware\ErrorHandlerMiddleware.php, line 98
Cake\Http\Runner::__invoke() - CORE\src\Http\Runner.php, line 65
DebugKit\Middleware\DebugKitMiddleware::__invoke() - ROOT\vendor\cakephp\debug_kit\src\Middleware\DebugKitMiddleware.php, line 52
Cake\Http\Runner::__invoke() - CORE\src\Http\Runner.php, line 65
Cake\Http\Runner::run() - CORE\src\Http\Runner.php, line 51
Cake\Http\Server::run() - CORE\src\Http\Server.php, line 98
[main] - ROOT\webroot\index.php, line 40



2018-04-18 13:23:04 Notice: Deprecated (16384): ServerRequest::session() is deprecated. Use getSession() instead. The setter part will be removed. - G:\github\ibimages\src\Controller\AuthController.php, line: 50 in [G:\github\ibimages\vendor\cakephp\cakephp\src\Core\functions.php, line 305]
Request URL: /
Trace:
Cake\Error\BaseErrorHandler::handleError() - CORE\src\Error\BaseErrorHandler.php, line 153
deprecationWarning - CORE\src\Core\functions.php, line 305
Cake\Http\ServerRequest::session() - CORE\src\Http\ServerRequest.php, line 564
App\Controller\AuthController::logout() - APP/Controller\AuthController.php, line 50
App\Controller\AuthController::login() - APP/Controller\AuthController.php, line 28
Cake\Controller\Controller::invokeAction() - CORE\src\Controller\Controller.php, line 594
Cake\Http\ActionDispatcher::_invoke() - CORE\src\Http\ActionDispatcher.php, line 119
Cake\Http\ActionDispatcher::dispatch() - CORE\src\Http\ActionDispatcher.php, line 93
Cake\Http\BaseApplication::__invoke() - CORE\src\Http\BaseApplication.php, line 228
Cake\Http\Runner::__invoke() - CORE\src\Http\Runner.php, line 65
Cake\Routing\Middleware\RoutingMiddleware::__invoke() - CORE\src\Routing\Middleware\RoutingMiddleware.php, line 158
Cake\Http\Runner::__invoke() - CORE\src\Http\Runner.php, line 65
Cake\Routing\Middleware\AssetMiddleware::__invoke() - CORE\src\Routing\Middleware\AssetMiddleware.php, line 88
Cake\Http\Runner::__invoke() - CORE\src\Http\Runner.php, line 65
Cake\Error\Middleware\ErrorHandlerMiddleware::__invoke() - CORE\src\Error\Middleware\ErrorHandlerMiddleware.php, line 98
Cake\Http\Runner::__invoke() - CORE\src\Http\Runner.php, line 65
DebugKit\Middleware\DebugKitMiddleware::__invoke() - ROOT\vendor\cakephp\debug_kit\src\Middleware\DebugKitMiddleware.php, line 52
Cake\Http\Runner::__invoke() - CORE\src\Http\Runner.php, line 65
Cake\Http\Runner::run() - CORE\src\Http\Runner.php, line 51
Cake\Http\Server::run() - CORE\src\Http\Server.php, line 98
[main] - ROOT\webroot\index.php, line 40



2018-04-18 13:23:04 Notice: Deprecated (16384): RequestHandlerComponent::beforeRedirect() is deprecated. This functionality will be removed in 4.0.0. Set the `enableBeforeRedirect` option to `false` to disable this warning. - G:\github\ibimages\vendor\cakephp\cakephp\src\Event\EventManager.php, line: 353 in [G:\github\ibimages\vendor\cakephp\cakephp\src\Core\functions.php, line 305]
Request URL: /
Trace:
Cake\Error\BaseErrorHandler::handleError() - CORE\src\Error\BaseErrorHandler.php, line 153
deprecationWarning - CORE\src\Core\functions.php, line 305
Cake\Controller\Component\RequestHandlerComponent::beforeRedirect() - CORE\src\Controller\Component\RequestHandlerComponent.php, line 270
Cake\Event\EventManager::_callListener() - CORE\src\Event\EventManager.php, line 353
Cake\Event\EventManager::dispatch() - CORE\src\Event\EventManager.php, line 330
Cake\Controller\Controller::dispatchEvent() - CORE\src\Event\EventDispatcherTrait.php, line 114
Cake\Controller\Controller::redirect() - CORE\src\Controller\Controller.php, line 704
App\Controller\AuthController::logout() - APP/Controller\AuthController.php, line 52
App\Controller\AuthController::login() - APP/Controller\AuthController.php, line 28
Cake\Controller\Controller::invokeAction() - CORE\src\Controller\Controller.php, line 594
Cake\Http\ActionDispatcher::_invoke() - CORE\src\Http\ActionDispatcher.php, line 119
Cake\Http\ActionDispatcher::dispatch() - CORE\src\Http\ActionDispatcher.php, line 93
Cake\Http\BaseApplication::__invoke() - CORE\src\Http\BaseApplication.php, line 228
Cake\Http\Runner::__invoke() - CORE\src\Http\Runner.php, line 65
Cake\Routing\Middleware\RoutingMiddleware::__invoke() - CORE\src\Routing\Middleware\RoutingMiddleware.php, line 158
Cake\Http\Runner::__invoke() - CORE\src\Http\Runner.php, line 65
Cake\Routing\Middleware\AssetMiddleware::__invoke() - CORE\src\Routing\Middleware\AssetMiddleware.php, line 88
Cake\Http\Runner::__invoke() - CORE\src\Http\Runner.php, line 65
Cake\Error\Middleware\ErrorHandlerMiddleware::__invoke() - CORE\src\Error\Middleware\ErrorHandlerMiddleware.php, line 98
Cake\Http\Runner::__invoke() - CORE\src\Http\Runner.php, line 65
DebugKit\Middleware\DebugKitMiddleware::__invoke() - ROOT\vendor\cakephp\debug_kit\src\Middleware\DebugKitMiddleware.php, line 52
Cake\Http\Runner::__invoke() - CORE\src\Http\Runner.php, line 65
Cake\Http\Runner::run() - CORE\src\Http\Runner.php, line 51
Cake\Http\Server::run() - CORE\src\Http\Server.php, line 98
[main] - ROOT\webroot\index.php, line 40



2018-04-18 14:26:51 Notice: Notice (8): Undefined variable: user in [G:\github\ibimages\src\Template\Auth\login.ctp, line 10]
Request URL: /
Trace:
Cake\Error\BaseErrorHandler::handleError() - CORE\src\Error\BaseErrorHandler.php, line 153
include - APP/Template\Auth\login.ctp, line 10
Cake\View\View::_evaluate() - CORE\src\View\View.php, line 1239
Cake\View\View::_render() - CORE\src\View\View.php, line 1200
Cake\View\View::render() - CORE\src\View\View.php, line 802
Cake\Controller\Controller::render() - CORE\src\Controller\Controller.php, line 777
Cake\Http\ActionDispatcher::_invoke() - CORE\src\Http\ActionDispatcher.php, line 125
Cake\Http\ActionDispatcher::dispatch() - CORE\src\Http\ActionDispatcher.php, line 93
Cake\Http\BaseApplication::__invoke() - CORE\src\Http\BaseApplication.php, line 228
Cake\Http\Runner::__invoke() - CORE\src\Http\Runner.php, line 65
Cake\Routing\Middleware\RoutingMiddleware::__invoke() - CORE\src\Routing\Middleware\RoutingMiddleware.php, line 158
Cake\Http\Runner::__invoke() - CORE\src\Http\Runner.php, line 65
Cake\Routing\Middleware\AssetMiddleware::__invoke() - CORE\src\Routing\Middleware\AssetMiddleware.php, line 88
Cake\Http\Runner::__invoke() - CORE\src\Http\Runner.php, line 65
Cake\Error\Middleware\ErrorHandlerMiddleware::__invoke() - CORE\src\Error\Middleware\ErrorHandlerMiddleware.php, line 98
Cake\Http\Runner::__invoke() - CORE\src\Http\Runner.php, line 65
DebugKit\Middleware\DebugKitMiddleware::__invoke() - ROOT\vendor\cakephp\debug_kit\src\Middleware\DebugKitMiddleware.php, line 52
Cake\Http\Runner::__invoke() - CORE\src\Http\Runner.php, line 65
Cake\Http\Runner::run() - CORE\src\Http\Runner.php, line 51
Cake\Http\Server::run() - CORE\src\Http\Server.php, line 98
[main] - ROOT\webroot\index.php, line 40



2018-04-18 16:29:01 Notice: Deprecated (16384): RequestHandlerComponent::beforeRedirect() is deprecated. This functionality will be removed in 4.0.0. Set the `enableBeforeRedirect` option to `false` to disable this warning. - G:\github\ibimages\vendor\cakephp\cakephp\src\Event\EventManager.php, line: 353 in [G:\github\ibimages\vendor\cakephp\cakephp\src\Core\functions.php, line 305]
Request URL: /
Referer URL: http://localhost:8765/
Trace:
Cake\Error\BaseErrorHandler::handleError() - CORE\src\Error\BaseErrorHandler.php, line 153
deprecationWarning - CORE\src\Core\functions.php, line 305
Cake\Controller\Component\RequestHandlerComponent::beforeRedirect() - CORE\src\Controller\Component\RequestHandlerComponent.php, line 270
Cake\Event\EventManager::_callListener() - CORE\src\Event\EventManager.php, line 353
Cake\Event\EventManager::dispatch() - CORE\src\Event\EventManager.php, line 330
Cake\Controller\Controller::dispatchEvent() - CORE\src\Event\EventDispatcherTrait.php, line 114
Cake\Controller\Controller::redirect() - CORE\src\Controller\Controller.php, line 704
App\Controller\AuthController::login() - APP/Controller\AuthController.php, line 36
Cake\Controller\Controller::invokeAction() - CORE\src\Controller\Controller.php, line 594
Cake\Http\ActionDispatcher::_invoke() - CORE\src\Http\ActionDispatcher.php, line 119
Cake\Http\ActionDispatcher::dispatch() - CORE\src\Http\ActionDispatcher.php, line 93
Cake\Http\BaseApplication::__invoke() - CORE\src\Http\BaseApplication.php, line 228
Cake\Http\Runner::__invoke() - CORE\src\Http\Runner.php, line 65
Cake\Routing\Middleware\RoutingMiddleware::__invoke() - CORE\src\Routing\Middleware\RoutingMiddleware.php, line 158
Cake\Http\Runner::__invoke() - CORE\src\Http\Runner.php, line 65
Cake\Routing\Middleware\AssetMiddleware::__invoke() - CORE\src\Routing\Middleware\AssetMiddleware.php, line 88
Cake\Http\Runner::__invoke() - CORE\src\Http\Runner.php, line 65
Cake\Error\Middleware\ErrorHandlerMiddleware::__invoke() - CORE\src\Error\Middleware\ErrorHandlerMiddleware.php, line 98
Cake\Http\Runner::__invoke() - CORE\src\Http\Runner.php, line 65
DebugKit\Middleware\DebugKitMiddleware::__invoke() - ROOT\vendor\cakephp\debug_kit\src\Middleware\DebugKitMiddleware.php, line 52
Cake\Http\Runner::__invoke() - CORE\src\Http\Runner.php, line 65
Cake\Http\Runner::run() - CORE\src\Http\Runner.php, line 51
Cake\Http\Server::run() - CORE\src\Http\Server.php, line 98
[main] - ROOT\webroot\index.php, line 40



2018-04-18 16:29:30 Notice: Deprecated (16384): ServerRequest::session() is deprecated. Use getSession() instead. The setter part will be removed. - G:\github\ibimages\src\Controller\AuthController.php, line: 50 in [G:\github\ibimages\vendor\cakephp\cakephp\src\Core\functions.php, line 305]
Request URL: /
Referer URL: http://localhost:8765/
Trace:
Cake\Error\BaseErrorHandler::handleError() - CORE\src\Error\BaseErrorHandler.php, line 153
deprecationWarning - CORE\src\Core\functions.php, line 305
Cake\Http\ServerRequest::session() - CORE\src\Http\ServerRequest.php, line 564
App\Controller\AuthController::logout() - APP/Controller\AuthController.php, line 50
App\Controller\AuthController::login() - APP/Controller\AuthController.php, line 28
Cake\Controller\Controller::invokeAction() - CORE\src\Controller\Controller.php, line 594
Cake\Http\ActionDispatcher::_invoke() - CORE\src\Http\ActionDispatcher.php, line 119
Cake\Http\ActionDispatcher::dispatch() - CORE\src\Http\ActionDispatcher.php, line 93
Cake\Http\BaseApplication::__invoke() - CORE\src\Http\BaseApplication.php, line 228
Cake\Http\Runner::__invoke() - CORE\src\Http\Runner.php, line 65
Cake\Routing\Middleware\RoutingMiddleware::__invoke() - CORE\src\Routing\Middleware\RoutingMiddleware.php, line 158
Cake\Http\Runner::__invoke() - CORE\src\Http\Runner.php, line 65
Cake\Routing\Middleware\AssetMiddleware::__invoke() - CORE\src\Routing\Middleware\AssetMiddleware.php, line 88
Cake\Http\Runner::__invoke() - CORE\src\Http\Runner.php, line 65
Cake\Error\Middleware\ErrorHandlerMiddleware::__invoke() - CORE\src\Error\Middleware\ErrorHandlerMiddleware.php, line 98
Cake\Http\Runner::__invoke() - CORE\src\Http\Runner.php, line 65
DebugKit\Middleware\DebugKitMiddleware::__invoke() - ROOT\vendor\cakephp\debug_kit\src\Middleware\DebugKitMiddleware.php, line 52
Cake\Http\Runner::__invoke() - CORE\src\Http\Runner.php, line 65
Cake\Http\Runner::run() - CORE\src\Http\Runner.php, line 51
Cake\Http\Server::run() - CORE\src\Http\Server.php, line 98
[main] - ROOT\webroot\index.php, line 40



2018-04-18 16:29:30 Notice: Deprecated (16384): RequestHandlerComponent::beforeRedirect() is deprecated. This functionality will be removed in 4.0.0. Set the `enableBeforeRedirect` option to `false` to disable this warning. - G:\github\ibimages\vendor\cakephp\cakephp\src\Event\EventManager.php, line: 353 in [G:\github\ibimages\vendor\cakephp\cakephp\src\Core\functions.php, line 305]
Request URL: /
Referer URL: http://localhost:8765/
Trace:
Cake\Error\BaseErrorHandler::handleError() - CORE\src\Error\BaseErrorHandler.php, line 153
deprecationWarning - CORE\src\Core\functions.php, line 305
Cake\Controller\Component\RequestHandlerComponent::beforeRedirect() - CORE\src\Controller\Component\RequestHandlerComponent.php, line 270
Cake\Event\EventManager::_callListener() - CORE\src\Event\EventManager.php, line 353
Cake\Event\EventManager::dispatch() - CORE\src\Event\EventManager.php, line 330
Cake\Controller\Controller::dispatchEvent() - CORE\src\Event\EventDispatcherTrait.php, line 114
Cake\Controller\Controller::redirect() - CORE\src\Controller\Controller.php, line 704
App\Controller\AuthController::logout() - APP/Controller\AuthController.php, line 52
App\Controller\AuthController::login() - APP/Controller\AuthController.php, line 28
Cake\Controller\Controller::invokeAction() - CORE\src\Controller\Controller.php, line 594
Cake\Http\ActionDispatcher::_invoke() - CORE\src\Http\ActionDispatcher.php, line 119
Cake\Http\ActionDispatcher::dispatch() - CORE\src\Http\ActionDispatcher.php, line 93
Cake\Http\BaseApplication::__invoke() - CORE\src\Http\BaseApplication.php, line 228
Cake\Http\Runner::__invoke() - CORE\src\Http\Runner.php, line 65
Cake\Routing\Middleware\RoutingMiddleware::__invoke() - CORE\src\Routing\Middleware\RoutingMiddleware.php, line 158
Cake\Http\Runner::__invoke() - CORE\src\Http\Runner.php, line 65
Cake\Routing\Middleware\AssetMiddleware::__invoke() - CORE\src\Routing\Middleware\AssetMiddleware.php, line 88
Cake\Http\Runner::__invoke() - CORE\src\Http\Runner.php, line 65
Cake\Error\Middleware\ErrorHandlerMiddleware::__invoke() - CORE\src\Error\Middleware\ErrorHandlerMiddleware.php, line 98
Cake\Http\Runner::__invoke() - CORE\src\Http\Runner.php, line 65
DebugKit\Middleware\DebugKitMiddleware::__invoke() - ROOT\vendor\cakephp\debug_kit\src\Middleware\DebugKitMiddleware.php, line 52
Cake\Http\Runner::__invoke() - CORE\src\Http\Runner.php, line 65
Cake\Http\Runner::run() - CORE\src\Http\Runner.php, line 51
Cake\Http\Server::run() - CORE\src\Http\Server.php, line 98
[main] - ROOT\webroot\index.php, line 40



2018-04-18 16:29:30 Notice: Deprecated (16384): RequestHandlerComponent::beforeRedirect() is deprecated. This functionality will be removed in 4.0.0. Set the `enableBeforeRedirect` option to `false` to disable this warning. - G:\github\ibimages\vendor\cakephp\cakephp\src\Event\EventManager.php, line: 353 in [G:\github\ibimages\vendor\cakephp\cakephp\src\Core\functions.php, line 305]
Request URL: /
Referer URL: http://localhost:8765/
Trace:
Cake\Error\BaseErrorHandler::handleError() - CORE\src\Error\BaseErrorHandler.php, line 153
deprecationWarning - CORE\src\Core\functions.php, line 305
Cake\Controller\Component\RequestHandlerComponent::beforeRedirect() - CORE\src\Controller\Component\RequestHandlerComponent.php, line 270
Cake\Event\EventManager::_callListener() - CORE\src\Event\EventManager.php, line 353
Cake\Event\EventManager::dispatch() - CORE\src\Event\EventManager.php, line 330
Cake\Controller\Controller::dispatchEvent() - CORE\src\Event\EventDispatcherTrait.php, line 114
Cake\Controller\Controller::redirect() - CORE\src\Controller\Controller.php, line 704
App\Controller\AuthController::login() - APP/Controller\AuthController.php, line 36
Cake\Controller\Controller::invokeAction() - CORE\src\Controller\Controller.php, line 594
Cake\Http\ActionDispatcher::_invoke() - CORE\src\Http\ActionDispatcher.php, line 119
Cake\Http\ActionDispatcher::dispatch() - CORE\src\Http\ActionDispatcher.php, line 93
Cake\Http\BaseApplication::__invoke() - CORE\src\Http\BaseApplication.php, line 228
Cake\Http\Runner::__invoke() - CORE\src\Http\Runner.php, line 65
Cake\Routing\Middleware\RoutingMiddleware::__invoke() - CORE\src\Routing\Middleware\RoutingMiddleware.php, line 158
Cake\Http\Runner::__invoke() - CORE\src\Http\Runner.php, line 65
Cake\Routing\Middleware\AssetMiddleware::__invoke() - CORE\src\Routing\Middleware\AssetMiddleware.php, line 88
Cake\Http\Runner::__invoke() - CORE\src\Http\Runner.php, line 65
Cake\Error\Middleware\ErrorHandlerMiddleware::__invoke() - CORE\src\Error\Middleware\ErrorHandlerMiddleware.php, line 98
Cake\Http\Runner::__invoke() - CORE\src\Http\Runner.php, line 65
DebugKit\Middleware\DebugKitMiddleware::__invoke() - ROOT\vendor\cakephp\debug_kit\src\Middleware\DebugKitMiddleware.php, line 52
Cake\Http\Runner::__invoke() - CORE\src\Http\Runner.php, line 65
Cake\Http\Runner::run() - CORE\src\Http\Runner.php, line 51
Cake\Http\Server::run() - CORE\src\Http\Server.php, line 98
[main] - ROOT\webroot\index.php, line 40



2018-04-18 17:30:22 Notice: Strict (2048): Declaration of App\Controller\ProductController::beforeFilter() should be compatible with Cake\Controller\Controller::beforeFilter(Cake\Event\Event $event) in [G:\github\ibimages\src\Controller\ProductController.php, line 13]


2018-04-18 17:30:44 Notice: Strict (2048): Declaration of App\Controller\ProductController::beforeFilter() should be compatible with Cake\Controller\Controller::beforeFilter(Cake\Event\Event $event) in [G:\github\ibimages\src\Controller\ProductController.php, line 13]


2018-04-18 17:31:05 Notice: Strict (2048): Declaration of App\Controller\ProductController::beforeFilter() should be compatible with Cake\Controller\Controller::beforeFilter(Cake\Event\Event $event) in [G:\github\ibimages\src\Controller\ProductController.php, line 13]


2018-04-18 17:31:44 Notice: Strict (2048): Declaration of App\Controller\ProductController::beforeFilter() should be compatible with Cake\Controller\Controller::beforeFilter(Cake\Event\Event $event) in [G:\github\ibimages\src\Controller\ProductController.php, line 13]


2018-04-18 17:32:07 Notice: Strict (2048): Declaration of App\Controller\ProductController::beforeFilter() should be compatible with Cake\Controller\Controller::beforeFilter(Cake\Event\Event $event) in [G:\github\ibimages\src\Controller\ProductController.php, line 13]


2018-04-18 17:35:56 Notice: Strict (2048): Declaration of App\Controller\ProductController::beforeFilter() should be compatible with Cake\Controller\Controller::beforeFilter(Cake\Event\Event $event) in [G:\github\ibimages\src\Controller\ProductController.php, line 13]


2018-04-18 17:46:30 Notice: Notice (8): Indirect modification of overloaded property App\Controller\ProductController::$_options has no effect in [G:\github\ibimages\vendor\cakephp\cakephp\src\ORM\Locator\TableLocator.php, line 186]


